<?xml version="1.0" encoding="UTF-8"?>
<testsuite xmlns:xsi="http://www.w3.org/2001/XMLSchema-instance" xsi:noNamespaceSchemaLocation="https://maven.apache.org/surefire/maven-surefire-plugin/xsd/surefire-test-report.xsd" name="com.coe.runner.TestRunner" time="69.977" tests="32" errors="0" skipped="0" failures="2">
  <properties>
[...]
</properties>
  <testcase name="Given I have a calculator" classname="| 2 | 3 | 5 |" time="0"/>
  <testcase name="When I add &quot;2&quot; and &quot;3&quot;" classname="| 2 | 3 | 5 |" time="0"/>
  <testcase name="Then the result should be &quot;5&quot;" classname="| 2 | 3 | 5 |" time="0"/>
  <testcase name="| 2 | 3 | 5 |" classname="| 2 | 3 | 5 |" time="0"/>
  <testcase name="Given I have a calculator" classname="| 2 | 0 | 3 |" time="0"/>
  <testcase name="When I add &quot;2&quot; and &quot;0&quot;" classname="| 2 | 0 | 3 |" time="0"/>
  <testcase name="Then the result should be &quot;3&quot;" classname="| 2 | 0 | 3 |" time="0">
    <failure message="expected:&lt;3&gt; but was:&lt;2&gt;" type="java.lang.AssertionError"><![CDATA[java.lang.AssertionError: expected:<3> but was:<2>
]]></failure>
  </testcase>
  <testcase name="| 2 | 0 | 3 |" classname="| 2 | 0 | 3 |" time="0">
    <failure message="expected:&lt;3&gt; but was:&lt;2&gt;" type="java.lang.AssertionError"><![CDATA[java.lang.AssertionError: expected:<3> but was:<2>
]]></failure>
  </testcase>
  <testcase name="Given User navigates to website" classname="| 12300000 | 561922.33 |" time="0"/>
  <testcase name="When User provides loan amount as &quot;12300000&quot;" classname="| 12300000 | 561922.33 |" time="0"/>
  <testcase name="And Loan rate and term as rate and term respectively" classname="| 12300000 | 561922.33 |" time="0"/>
  <testcase name="And User clicks on Calculate button" classname="| 12300000 | 561922.33 |" time="0"/>
  <testcase name="Then System shows expected emi as &quot;561922.33&quot;" classname="| 12300000 | 561922.33 |" time="0"/>
  <testcase name="| 12300000 | 561922.33 |" classname="| 12300000 | 561922.33 |" time="0.514"/>
  <testcase name="Given User navigates to website" classname="| 40000 | 1827.39 |" time="0"/>
  <testcase name="When User provides loan amount as &quot;40000&quot;" classname="| 40000 | 1827.39 |" time="0"/>
  <testcase name="And Loan rate and term as rate and term respectively" classname="| 40000 | 1827.39 |" time="0"/>
  <testcase name="And User clicks on Calculate button" classname="| 40000 | 1827.39 |" time="0"/>
  <testcase name="Then System shows expected emi as &quot;1827.39&quot;" classname="| 40000 | 1827.39 |" time="0"/>
  <testcase name="| 40000 | 1827.39 |" classname="| 40000 | 1827.39 |" time="0.501"/>
  <testcase name="Given User navigates to website" classname="|  | NaN |" time="0"/>
  <testcase name="When User provides loan amount as &quot;&quot;" classname="|  | NaN |" time="0"/>
  <testcase name="And Loan rate and term as rate and term respectively" classname="|  | NaN |" time="0"/>
  <testcase name="And User clicks on Calculate button" classname="|  | NaN |" time="0"/>
  <testcase name="Then System shows expected emi as &quot;NaN&quot;" classname="|  | NaN |" time="0"/>
  <testcase name="|  | NaN |" classname="|  | NaN |" time="0.514"/>
  <testcase name="Given a book exists with an isbn of 9781451648546" classname="Scenario: User calls web service to get a book by its ISBN" time="0"/>
  <testcase name="When a user retrieves the book by isbn" classname="Scenario: User calls web service to get a book by its ISBN" time="0"/>
  <testcase name="Then the status code is 200" classname="Scenario: User calls web service to get a book by its ISBN" time="0"/>
  <testcase name="And response includes the following" classname="Scenario: User calls web service to get a book by its ISBN" time="0"/>
  <testcase name="And response includes the following in any order" classname="Scenario: User calls web service to get a book by its ISBN" time="0"/>
  <testcase name="Scenario: User calls web service to get a book by its ISBN" classname="Scenario: User calls web service to get a book by its ISBN" time="0"/>
</testsuite>